2024-01-31T20:35:32.879+03:00  INFO 30420 --- [restartedMain] tacos.TacoCloudApplication               : Starting TacoCloudApplication using Java 17.0.2 with PID 30420 (C:\Users\Сева Счетов\IdeaProjects\taco-cloud\taco-cloud\target\classes started by Сева Счетов in C:\Users\Сева Счетов\IdeaProjects\taco-cloud\taco-cloud)
2024-01-31T20:35:32.885+03:00  INFO 30420 --- [restartedMain] tacos.TacoCloudApplication               : No active profile set, falling back to 1 default profile: "default"
2024-01-31T20:35:32.922+03:00  INFO 30420 --- [restartedMain] .e.DevToolsPropertyDefaultsPostProcessor : Devtools property defaults active! Set 'spring.devtools.add-properties' to 'false' to disable
2024-01-31T20:35:32.923+03:00  INFO 30420 --- [restartedMain] .e.DevToolsPropertyDefaultsPostProcessor : For additional web related logging consider setting the 'logging.level.web' property to 'DEBUG'
2024-01-31T20:35:33.516+03:00  INFO 30420 --- [restartedMain] .s.d.r.c.RepositoryConfigurationDelegate : Multiple Spring Data modules found, entering strict repository configuration mode
2024-01-31T20:35:33.517+03:00  INFO 30420 --- [restartedMain] .s.d.r.c.RepositoryConfigurationDelegate : Bootstrapping Spring Data JDBC repositories in DEFAULT mode.
2024-01-31T20:35:33.541+03:00  INFO 30420 --- [restartedMain] .RepositoryConfigurationExtensionSupport : Spring Data JDBC - Could not safely identify store assignment for repository candidate interface tacos.data.IngredientRepository; If you want this repository to be a JDBC repository, consider annotating your entities with one of these annotations: org.springframework.data.relational.core.mapping.Table.
2024-01-31T20:35:33.542+03:00  INFO 30420 --- [restartedMain] .RepositoryConfigurationExtensionSupport : Spring Data JDBC - Could not safely identify store assignment for repository candidate interface tacos.data.OrderRepository; If you want this repository to be a JDBC repository, consider annotating your entities with one of these annotations: org.springframework.data.relational.core.mapping.Table.
2024-01-31T20:35:33.543+03:00  INFO 30420 --- [restartedMain] .RepositoryConfigurationExtensionSupport : Spring Data JDBC - Could not safely identify store assignment for repository candidate interface tacos.data.TacoRepository; If you want this repository to be a JDBC repository, consider annotating your entities with one of these annotations: org.springframework.data.relational.core.mapping.Table.
2024-01-31T20:35:33.544+03:00  INFO 30420 --- [restartedMain] .RepositoryConfigurationExtensionSupport : Spring Data JDBC - Could not safely identify store assignment for repository candidate interface tacos.data.UserRepository; If you want this repository to be a JDBC repository, consider annotating your entities with one of these annotations: org.springframework.data.relational.core.mapping.Table.
2024-01-31T20:35:33.544+03:00  INFO 30420 --- [restartedMain] .s.d.r.c.RepositoryConfigurationDelegate : Finished Spring Data repository scanning in 23 ms. Found 0 JDBC repository interfaces.
2024-01-31T20:35:33.550+03:00  INFO 30420 --- [restartedMain] .s.d.r.c.RepositoryConfigurationDelegate : Multiple Spring Data modules found, entering strict repository configuration mode
2024-01-31T20:35:33.551+03:00  INFO 30420 --- [restartedMain] .s.d.r.c.RepositoryConfigurationDelegate : Bootstrapping Spring Data JPA repositories in DEFAULT mode.
2024-01-31T20:35:33.575+03:00  INFO 30420 --- [restartedMain] .s.d.r.c.RepositoryConfigurationDelegate : Finished Spring Data repository scanning in 21 ms. Found 4 JPA repository interfaces.
2024-01-31T20:35:34.111+03:00  INFO 30420 --- [restartedMain] o.s.b.w.embedded.tomcat.TomcatWebServer  : Tomcat initialized with port(s): 8080 (http)
2024-01-31T20:35:34.122+03:00  INFO 30420 --- [restartedMain] o.apache.catalina.core.StandardService   : Starting service [Tomcat]
2024-01-31T20:35:34.123+03:00  INFO 30420 --- [restartedMain] o.apache.catalina.core.StandardEngine    : Starting Servlet engine: [Apache Tomcat/10.1.12]
2024-01-31T20:35:34.176+03:00  INFO 30420 --- [restartedMain] o.a.c.c.C.[Tomcat].[localhost].[/]       : Initializing Spring embedded WebApplicationContext
2024-01-31T20:35:34.177+03:00  INFO 30420 --- [restartedMain] w.s.c.ServletWebServerApplicationContext : Root WebApplicationContext: initialization completed in 1253 ms
2024-01-31T20:35:34.208+03:00  INFO 30420 --- [restartedMain] com.zaxxer.hikari.HikariDataSource       : HikariPool-1 - Starting...
2024-01-31T20:35:34.345+03:00  INFO 30420 --- [restartedMain] com.zaxxer.hikari.pool.HikariPool        : HikariPool-1 - Added connection com.mysql.cj.jdbc.ConnectionImpl@48e23d87
2024-01-31T20:35:34.347+03:00  INFO 30420 --- [restartedMain] com.zaxxer.hikari.HikariDataSource       : HikariPool-1 - Start completed.
2024-01-31T20:35:34.357+03:00  INFO 30420 --- [restartedMain] o.s.b.a.h2.H2ConsoleAutoConfiguration    : H2 console available at '/h2-console'. Database available at 'jdbc:mysql://localhost:3306/tacocloud'
2024-01-31T20:35:34.513+03:00  INFO 30420 --- [restartedMain] o.hibernate.jpa.internal.util.LogHelper  : HHH000204: Processing PersistenceUnitInfo [name: default]
2024-01-31T20:35:34.576+03:00  INFO 30420 --- [restartedMain] org.hibernate.Version                    : HHH000412: Hibernate ORM core version 6.2.7.Final
2024-01-31T20:35:34.579+03:00  INFO 30420 --- [restartedMain] org.hibernate.cfg.Environment            : HHH000406: Using bytecode reflection optimizer
2024-01-31T20:35:34.710+03:00  INFO 30420 --- [restartedMain] o.h.b.i.BytecodeProviderInitiator        : HHH000021: Bytecode provider name : bytebuddy
2024-01-31T20:35:34.837+03:00  INFO 30420 --- [restartedMain] o.s.o.j.p.SpringPersistenceUnitInfo      : No LoadTimeWeaver setup: ignoring JPA class transformer
2024-01-31T20:35:34.895+03:00  WARN 30420 --- [restartedMain] org.hibernate.dialect.Dialect            : HHH000511: The 5.5.0 version for [org.hibernate.dialect.MySQLDialect] is no longer supported, hence certain features may not work properly. The minimum supported version is 5.7.0. Check the community dialects project for available legacy versions.
2024-01-31T20:35:35.098+03:00  INFO 30420 --- [restartedMain] o.h.b.i.BytecodeProviderInitiator        : HHH000021: Bytecode provider name : bytebuddy
2024-01-31T20:35:35.670+03:00  INFO 30420 --- [restartedMain] o.h.e.t.j.p.i.JtaPlatformInitiator       : HHH000490: Using JtaPlatform implementation: [org.hibernate.engine.transaction.jta.platform.internal.NoJtaPlatform]
2024-01-31T20:35:35.672+03:00  INFO 30420 --- [restartedMain] j.LocalContainerEntityManagerFactoryBean : Initialized JPA EntityManagerFactory for persistence unit 'default'
2024-01-31T20:35:35.929+03:00  INFO 30420 --- [restartedMain] o.s.d.j.r.query.QueryEnhancerFactory     : Hibernate is in classpath; If applicable, HQL parser will be used.
2024-01-31T20:35:36.196+03:00  WARN 30420 --- [restartedMain] JpaBaseConfiguration$JpaWebConfiguration : spring.jpa.open-in-view is enabled by default. Therefore, database queries may be performed during view rendering. Explicitly configure spring.jpa.open-in-view to disable this warning
2024-01-31T20:35:36.579+03:00  INFO 30420 --- [restartedMain] o.s.s.web.DefaultSecurityFilterChain     : Will secure any request with [org.springframework.security.web.session.DisableEncodeUrlFilter@49c0172, org.springframework.security.web.context.request.async.WebAsyncManagerIntegrationFilter@1c8d86f6, org.springframework.security.web.context.SecurityContextHolderFilter@57ed10e5, org.springframework.security.web.header.HeaderWriterFilter@4333cdf9, org.springframework.security.web.csrf.CsrfFilter@6792b1bd, org.springframework.security.web.authentication.logout.LogoutFilter@5ca5ff57, org.springframework.security.web.authentication.UsernamePasswordAuthenticationFilter@439d7836, org.springframework.security.web.savedrequest.RequestCacheAwareFilter@6b69ec8b, org.springframework.security.web.servletapi.SecurityContextHolderAwareRequestFilter@5e2fa3f9, org.springframework.security.web.authentication.AnonymousAuthenticationFilter@28c6cbd3, org.springframework.security.web.access.ExceptionTranslationFilter@572d2bc3, org.springframework.security.web.access.intercept.AuthorizationFilter@217be1fa]
2024-01-31T20:35:36.913+03:00  INFO 30420 --- [restartedMain] o.s.b.d.a.OptionalLiveReloadServer       : LiveReload server is running on port 35729
2024-01-31T20:35:36.946+03:00  INFO 30420 --- [restartedMain] o.s.b.w.embedded.tomcat.TomcatWebServer  : Tomcat started on port(s): 8080 (http) with context path ''
2024-01-31T20:35:36.953+03:00  INFO 30420 --- [restartedMain] tacos.TacoCloudApplication               : Started TacoCloudApplication in 4.416 seconds (process running for 5.083)
2024-01-31T20:35:46.208+03:00  INFO 30420 --- [http-nio-8080-exec-2] o.a.c.c.C.[Tomcat].[localhost].[/]       : Initializing Spring DispatcherServlet 'dispatcherServlet'
2024-01-31T20:35:46.210+03:00  INFO 30420 --- [http-nio-8080-exec-2] o.s.web.servlet.DispatcherServlet        : Initializing Servlet 'dispatcherServlet'
2024-01-31T20:35:46.211+03:00  INFO 30420 --- [http-nio-8080-exec-2] o.s.web.servlet.DispatcherServlet        : Completed initialization in 0 ms
2024-01-31T20:35:46.215+03:00 DEBUG 30420 --- [http-nio-8080-exec-2] o.s.security.web.FilterChainProxy        : Securing GET /ingredients
2024-01-31T20:35:46.233+03:00 DEBUG 30420 --- [http-nio-8080-exec-2] o.s.security.web.FilterChainProxy        : Secured GET /ingredients
2024-01-31T20:35:46.244+03:00 DEBUG 30420 --- [http-nio-8080-exec-2] o.s.s.w.a.AnonymousAuthenticationFilter  : Set SecurityContextHolder to anonymous SecurityContext
2024-01-31T20:35:46.246+03:00 DEBUG 30420 --- [http-nio-8080-exec-2] o.s.security.web.FilterChainProxy        : Securing GET /error
2024-01-31T20:35:46.249+03:00 DEBUG 30420 --- [http-nio-8080-exec-2] o.s.security.web.FilterChainProxy        : Secured GET /error
2024-01-31T20:35:46.290+03:00 DEBUG 30420 --- [http-nio-8080-exec-2] o.s.s.w.a.AnonymousAuthenticationFilter  : Set SecurityContextHolder to anonymous SecurityContext
2024-01-31T20:36:28.994+03:00 DEBUG 30420 --- [http-nio-8080-exec-3] o.s.security.web.FilterChainProxy        : Securing GET /data-api/ingredients
2024-01-31T20:36:29.002+03:00 DEBUG 30420 --- [http-nio-8080-exec-3] o.s.security.web.FilterChainProxy        : Secured GET /data-api/ingredients
2024-01-31T20:36:29.110+03:00 DEBUG 30420 --- [http-nio-8080-exec-3] o.s.s.w.a.AnonymousAuthenticationFilter  : Set SecurityContextHolder to anonymous SecurityContext
2024-01-31T20:36:39.100+03:00  INFO 30420 --- [SpringApplicationShutdownHook] j.LocalContainerEntityManagerFactoryBean : Closing JPA EntityManagerFactory for persistence unit 'default'
2024-01-31T20:36:39.104+03:00  INFO 30420 --- [SpringApplicationShutdownHook] com.zaxxer.hikari.HikariDataSource       : HikariPool-1 - Shutdown initiated...
2024-01-31T20:36:39.107+03:00  INFO 30420 --- [SpringApplicationShutdownHook] com.zaxxer.hikari.HikariDataSource       : HikariPool-1 - Shutdown completed.
2024-01-31T20:54:04.483+03:00  INFO 23932 --- [restartedMain] tacos.TacoCloudApplication               : Starting TacoCloudApplication using Java 17.0.2 with PID 23932 (C:\Users\Сева Счетов\IdeaProjects\taco-cloud\taco-cloud\target\classes started by Сева Счетов in C:\Users\Сева Счетов\IdeaProjects\taco-cloud\taco-cloud)
2024-01-31T20:54:04.486+03:00  INFO 23932 --- [restartedMain] tacos.TacoCloudApplication               : No active profile set, falling back to 1 default profile: "default"
2024-01-31T20:54:04.519+03:00  INFO 23932 --- [restartedMain] .e.DevToolsPropertyDefaultsPostProcessor : Devtools property defaults active! Set 'spring.devtools.add-properties' to 'false' to disable
2024-01-31T20:54:04.519+03:00  INFO 23932 --- [restartedMain] .e.DevToolsPropertyDefaultsPostProcessor : For additional web related logging consider setting the 'logging.level.web' property to 'DEBUG'
2024-01-31T20:54:05.150+03:00  INFO 23932 --- [restartedMain] .s.d.r.c.RepositoryConfigurationDelegate : Multiple Spring Data modules found, entering strict repository configuration mode
2024-01-31T20:54:05.151+03:00  INFO 23932 --- [restartedMain] .s.d.r.c.RepositoryConfigurationDelegate : Bootstrapping Spring Data JDBC repositories in DEFAULT mode.
2024-01-31T20:54:05.177+03:00  INFO 23932 --- [restartedMain] .RepositoryConfigurationExtensionSupport : Spring Data JDBC - Could not safely identify store assignment for repository candidate interface tacos.data.IngredientRepository; If you want this repository to be a JDBC repository, consider annotating your entities with one of these annotations: org.springframework.data.relational.core.mapping.Table.
2024-01-31T20:54:05.178+03:00  INFO 23932 --- [restartedMain] .RepositoryConfigurationExtensionSupport : Spring Data JDBC - Could not safely identify store assignment for repository candidate interface tacos.data.OrderRepository; If you want this repository to be a JDBC repository, consider annotating your entities with one of these annotations: org.springframework.data.relational.core.mapping.Table.
2024-01-31T20:54:05.179+03:00  INFO 23932 --- [restartedMain] .RepositoryConfigurationExtensionSupport : Spring Data JDBC - Could not safely identify store assignment for repository candidate interface tacos.data.TacoRepository; If you want this repository to be a JDBC repository, consider annotating your entities with one of these annotations: org.springframework.data.relational.core.mapping.Table.
2024-01-31T20:54:05.180+03:00  INFO 23932 --- [restartedMain] .RepositoryConfigurationExtensionSupport : Spring Data JDBC - Could not safely identify store assignment for repository candidate interface tacos.data.UserRepository; If you want this repository to be a JDBC repository, consider annotating your entities with one of these annotations: org.springframework.data.relational.core.mapping.Table.
2024-01-31T20:54:05.181+03:00  INFO 23932 --- [restartedMain] .s.d.r.c.RepositoryConfigurationDelegate : Finished Spring Data repository scanning in 25 ms. Found 0 JDBC repository interfaces.
2024-01-31T20:54:05.187+03:00  INFO 23932 --- [restartedMain] .s.d.r.c.RepositoryConfigurationDelegate : Multiple Spring Data modules found, entering strict repository configuration mode
2024-01-31T20:54:05.188+03:00  INFO 23932 --- [restartedMain] .s.d.r.c.RepositoryConfigurationDelegate : Bootstrapping Spring Data JPA repositories in DEFAULT mode.
2024-01-31T20:54:05.213+03:00  INFO 23932 --- [restartedMain] .s.d.r.c.RepositoryConfigurationDelegate : Finished Spring Data repository scanning in 22 ms. Found 4 JPA repository interfaces.
2024-01-31T20:54:05.725+03:00  INFO 23932 --- [restartedMain] o.s.b.w.embedded.tomcat.TomcatWebServer  : Tomcat initialized with port(s): 8080 (http)
2024-01-31T20:54:05.733+03:00  INFO 23932 --- [restartedMain] o.apache.catalina.core.StandardService   : Starting service [Tomcat]
2024-01-31T20:54:05.734+03:00  INFO 23932 --- [restartedMain] o.apache.catalina.core.StandardEngine    : Starting Servlet engine: [Apache Tomcat/10.1.12]
2024-01-31T20:54:05.782+03:00  INFO 23932 --- [restartedMain] o.a.c.c.C.[Tomcat].[localhost].[/]       : Initializing Spring embedded WebApplicationContext
2024-01-31T20:54:05.782+03:00  INFO 23932 --- [restartedMain] w.s.c.ServletWebServerApplicationContext : Root WebApplicationContext: initialization completed in 1263 ms
2024-01-31T20:54:05.807+03:00  INFO 23932 --- [restartedMain] com.zaxxer.hikari.HikariDataSource       : HikariPool-1 - Starting...
2024-01-31T20:54:05.909+03:00  INFO 23932 --- [restartedMain] com.zaxxer.hikari.pool.HikariPool        : HikariPool-1 - Added connection com.mysql.cj.jdbc.ConnectionImpl@3ad08da1
2024-01-31T20:54:05.911+03:00  INFO 23932 --- [restartedMain] com.zaxxer.hikari.HikariDataSource       : HikariPool-1 - Start completed.
2024-01-31T20:54:05.917+03:00  INFO 23932 --- [restartedMain] o.s.b.a.h2.H2ConsoleAutoConfiguration    : H2 console available at '/h2-console'. Database available at 'jdbc:mysql://localhost:3306/tacocloud'
2024-01-31T20:54:06.041+03:00  INFO 23932 --- [restartedMain] o.hibernate.jpa.internal.util.LogHelper  : HHH000204: Processing PersistenceUnitInfo [name: default]
2024-01-31T20:54:06.100+03:00  INFO 23932 --- [restartedMain] org.hibernate.Version                    : HHH000412: Hibernate ORM core version 6.2.7.Final
2024-01-31T20:54:06.102+03:00  INFO 23932 --- [restartedMain] org.hibernate.cfg.Environment            : HHH000406: Using bytecode reflection optimizer
2024-01-31T20:54:06.228+03:00  INFO 23932 --- [restartedMain] o.h.b.i.BytecodeProviderInitiator        : HHH000021: Bytecode provider name : bytebuddy
2024-01-31T20:54:06.345+03:00  INFO 23932 --- [restartedMain] o.s.o.j.p.SpringPersistenceUnitInfo      : No LoadTimeWeaver setup: ignoring JPA class transformer
2024-01-31T20:54:06.398+03:00  WARN 23932 --- [restartedMain] org.hibernate.dialect.Dialect            : HHH000511: The 5.5.0 version for [org.hibernate.dialect.MySQLDialect] is no longer supported, hence certain features may not work properly. The minimum supported version is 5.7.0. Check the community dialects project for available legacy versions.
2024-01-31T20:54:06.597+03:00  INFO 23932 --- [restartedMain] o.h.b.i.BytecodeProviderInitiator        : HHH000021: Bytecode provider name : bytebuddy
2024-01-31T20:54:07.167+03:00  INFO 23932 --- [restartedMain] o.h.e.t.j.p.i.JtaPlatformInitiator       : HHH000490: Using JtaPlatform implementation: [org.hibernate.engine.transaction.jta.platform.internal.NoJtaPlatform]
2024-01-31T20:54:07.170+03:00  INFO 23932 --- [restartedMain] j.LocalContainerEntityManagerFactoryBean : Initialized JPA EntityManagerFactory for persistence unit 'default'
2024-01-31T20:54:07.435+03:00  INFO 23932 --- [restartedMain] o.s.d.j.r.query.QueryEnhancerFactory     : Hibernate is in classpath; If applicable, HQL parser will be used.
2024-01-31T20:54:07.709+03:00  WARN 23932 --- [restartedMain] JpaBaseConfiguration$JpaWebConfiguration : spring.jpa.open-in-view is enabled by default. Therefore, database queries may be performed during view rendering. Explicitly configure spring.jpa.open-in-view to disable this warning
2024-01-31T20:54:08.102+03:00  INFO 23932 --- [restartedMain] o.s.s.web.DefaultSecurityFilterChain     : Will secure any request with [org.springframework.security.web.session.DisableEncodeUrlFilter@97cd12e, org.springframework.security.web.context.request.async.WebAsyncManagerIntegrationFilter@17e7b9b2, org.springframework.security.web.context.SecurityContextHolderFilter@7a2f8edb, org.springframework.security.web.header.HeaderWriterFilter@61539221, org.springframework.security.web.csrf.CsrfFilter@60bdbd68, org.springframework.security.web.authentication.logout.LogoutFilter@7b0c8d36, org.springframework.security.web.authentication.UsernamePasswordAuthenticationFilter@79610993, org.springframework.security.web.savedrequest.RequestCacheAwareFilter@706442f, org.springframework.security.web.servletapi.SecurityContextHolderAwareRequestFilter@39acb161, org.springframework.security.web.authentication.AnonymousAuthenticationFilter@34b92989, org.springframework.security.web.access.ExceptionTranslationFilter@3b83bedb, org.springframework.security.web.access.intercept.AuthorizationFilter@138264af]
2024-01-31T20:54:08.387+03:00  INFO 23932 --- [restartedMain] o.s.b.d.a.OptionalLiveReloadServer       : LiveReload server is running on port 35729
2024-01-31T20:54:08.417+03:00  INFO 23932 --- [restartedMain] o.s.b.w.embedded.tomcat.TomcatWebServer  : Tomcat started on port(s): 8080 (http) with context path ''
2024-01-31T20:54:08.425+03:00  INFO 23932 --- [restartedMain] tacos.TacoCloudApplication               : Started TacoCloudApplication in 4.276 seconds (process running for 4.844)
2024-01-31T20:55:08.053+03:00  INFO 23932 --- [http-nio-8080-exec-1] o.a.c.c.C.[Tomcat].[localhost].[/]       : Initializing Spring DispatcherServlet 'dispatcherServlet'
2024-01-31T20:55:08.054+03:00  INFO 23932 --- [http-nio-8080-exec-1] o.s.web.servlet.DispatcherServlet        : Initializing Servlet 'dispatcherServlet'
2024-01-31T20:55:08.055+03:00  INFO 23932 --- [http-nio-8080-exec-1] o.s.web.servlet.DispatcherServlet        : Completed initialization in 1 ms
2024-01-31T20:55:08.061+03:00 DEBUG 23932 --- [http-nio-8080-exec-1] o.s.security.web.FilterChainProxy        : Securing GET /api/ingredients
2024-01-31T20:55:08.079+03:00 DEBUG 23932 --- [http-nio-8080-exec-1] o.s.security.web.FilterChainProxy        : Secured GET /api/ingredients
2024-01-31T20:55:08.149+03:00 DEBUG 23932 --- [http-nio-8080-exec-1] o.s.s.w.a.AnonymousAuthenticationFilter  : Set SecurityContextHolder to anonymous SecurityContext
2024-01-31T20:55:20.705+03:00  INFO 23932 --- [SpringApplicationShutdownHook] j.LocalContainerEntityManagerFactoryBean : Closing JPA EntityManagerFactory for persistence unit 'default'
2024-01-31T20:55:20.708+03:00  INFO 23932 --- [SpringApplicationShutdownHook] com.zaxxer.hikari.HikariDataSource       : HikariPool-1 - Shutdown initiated...
2024-01-31T20:55:20.711+03:00  INFO 23932 --- [SpringApplicationShutdownHook] com.zaxxer.hikari.HikariDataSource       : HikariPool-1 - Shutdown completed.
2024-01-31T21:05:19.188+03:00  INFO 34716 --- [restartedMain] tacos.TacoCloudApplication               : Starting TacoCloudApplication using Java 17.0.2 with PID 34716 (C:\Users\Сева Счетов\IdeaProjects\taco-cloud\taco-cloud\target\classes started by Сева Счетов in C:\Users\Сева Счетов\IdeaProjects\taco-cloud\taco-cloud)
2024-01-31T21:05:19.190+03:00  INFO 34716 --- [restartedMain] tacos.TacoCloudApplication               : No active profile set, falling back to 1 default profile: "default"
2024-01-31T21:05:19.219+03:00  INFO 34716 --- [restartedMain] .e.DevToolsPropertyDefaultsPostProcessor : Devtools property defaults active! Set 'spring.devtools.add-properties' to 'false' to disable
2024-01-31T21:05:19.219+03:00  INFO 34716 --- [restartedMain] .e.DevToolsPropertyDefaultsPostProcessor : For additional web related logging consider setting the 'logging.level.web' property to 'DEBUG'
2024-01-31T21:05:19.680+03:00  INFO 34716 --- [restartedMain] .s.d.r.c.RepositoryConfigurationDelegate : Multiple Spring Data modules found, entering strict repository configuration mode
2024-01-31T21:05:19.681+03:00  INFO 34716 --- [restartedMain] .s.d.r.c.RepositoryConfigurationDelegate : Bootstrapping Spring Data JDBC repositories in DEFAULT mode.
2024-01-31T21:05:19.699+03:00  INFO 34716 --- [restartedMain] .RepositoryConfigurationExtensionSupport : Spring Data JDBC - Could not safely identify store assignment for repository candidate interface tacos.data.IngredientRepository; If you want this repository to be a JDBC repository, consider annotating your entities with one of these annotations: org.springframework.data.relational.core.mapping.Table.
2024-01-31T21:05:19.700+03:00  INFO 34716 --- [restartedMain] .RepositoryConfigurationExtensionSupport : Spring Data JDBC - Could not safely identify store assignment for repository candidate interface tacos.data.OrderRepository; If you want this repository to be a JDBC repository, consider annotating your entities with one of these annotations: org.springframework.data.relational.core.mapping.Table.
2024-01-31T21:05:19.701+03:00  INFO 34716 --- [restartedMain] .RepositoryConfigurationExtensionSupport : Spring Data JDBC - Could not safely identify store assignment for repository candidate interface tacos.data.TacoRepository; If you want this repository to be a JDBC repository, consider annotating your entities with one of these annotations: org.springframework.data.relational.core.mapping.Table.
2024-01-31T21:05:19.702+03:00  INFO 34716 --- [restartedMain] .RepositoryConfigurationExtensionSupport : Spring Data JDBC - Could not safely identify store assignment for repository candidate interface tacos.data.UserRepository; If you want this repository to be a JDBC repository, consider annotating your entities with one of these annotations: org.springframework.data.relational.core.mapping.Table.
2024-01-31T21:05:19.703+03:00  INFO 34716 --- [restartedMain] .s.d.r.c.RepositoryConfigurationDelegate : Finished Spring Data repository scanning in 18 ms. Found 0 JDBC repository interfaces.
2024-01-31T21:05:19.709+03:00  INFO 34716 --- [restartedMain] .s.d.r.c.RepositoryConfigurationDelegate : Multiple Spring Data modules found, entering strict repository configuration mode
2024-01-31T21:05:19.710+03:00  INFO 34716 --- [restartedMain] .s.d.r.c.RepositoryConfigurationDelegate : Bootstrapping Spring Data JPA repositories in DEFAULT mode.
2024-01-31T21:05:19.730+03:00  INFO 34716 --- [restartedMain] .s.d.r.c.RepositoryConfigurationDelegate : Finished Spring Data repository scanning in 18 ms. Found 4 JPA repository interfaces.
2024-01-31T21:05:20.164+03:00  INFO 34716 --- [restartedMain] o.s.b.w.embedded.tomcat.TomcatWebServer  : Tomcat initialized with port(s): 8080 (http)
2024-01-31T21:05:20.170+03:00  INFO 34716 --- [restartedMain] o.apache.catalina.core.StandardService   : Starting service [Tomcat]
2024-01-31T21:05:20.171+03:00  INFO 34716 --- [restartedMain] o.apache.catalina.core.StandardEngine    : Starting Servlet engine: [Apache Tomcat/10.1.12]
2024-01-31T21:05:20.214+03:00  INFO 34716 --- [restartedMain] o.a.c.c.C.[Tomcat].[localhost].[/]       : Initializing Spring embedded WebApplicationContext
2024-01-31T21:05:20.214+03:00  INFO 34716 --- [restartedMain] w.s.c.ServletWebServerApplicationContext : Root WebApplicationContext: initialization completed in 995 ms
2024-01-31T21:05:20.234+03:00  INFO 34716 --- [restartedMain] com.zaxxer.hikari.HikariDataSource       : HikariPool-1 - Starting...
2024-01-31T21:05:20.316+03:00  INFO 34716 --- [restartedMain] com.zaxxer.hikari.pool.HikariPool        : HikariPool-1 - Added connection com.mysql.cj.jdbc.ConnectionImpl@2cbeea94
2024-01-31T21:05:20.317+03:00  INFO 34716 --- [restartedMain] com.zaxxer.hikari.HikariDataSource       : HikariPool-1 - Start completed.
2024-01-31T21:05:20.323+03:00  INFO 34716 --- [restartedMain] o.s.b.a.h2.H2ConsoleAutoConfiguration    : H2 console available at '/h2-console'. Database available at 'jdbc:mysql://localhost:3306/tacocloud'
2024-01-31T21:05:20.425+03:00  INFO 34716 --- [restartedMain] o.hibernate.jpa.internal.util.LogHelper  : HHH000204: Processing PersistenceUnitInfo [name: default]
2024-01-31T21:05:20.468+03:00  INFO 34716 --- [restartedMain] org.hibernate.Version                    : HHH000412: Hibernate ORM core version 6.2.7.Final
2024-01-31T21:05:20.469+03:00  INFO 34716 --- [restartedMain] org.hibernate.cfg.Environment            : HHH000406: Using bytecode reflection optimizer
2024-01-31T21:05:20.560+03:00  INFO 34716 --- [restartedMain] o.h.b.i.BytecodeProviderInitiator        : HHH000021: Bytecode provider name : bytebuddy
2024-01-31T21:05:20.645+03:00  INFO 34716 --- [restartedMain] o.s.o.j.p.SpringPersistenceUnitInfo      : No LoadTimeWeaver setup: ignoring JPA class transformer
2024-01-31T21:05:20.685+03:00  WARN 34716 --- [restartedMain] org.hibernate.dialect.Dialect            : HHH000511: The 5.5.0 version for [org.hibernate.dialect.MySQLDialect] is no longer supported, hence certain features may not work properly. The minimum supported version is 5.7.0. Check the community dialects project for available legacy versions.
2024-01-31T21:05:20.842+03:00  INFO 34716 --- [restartedMain] o.h.b.i.BytecodeProviderInitiator        : HHH000021: Bytecode provider name : bytebuddy
2024-01-31T21:05:21.327+03:00  INFO 34716 --- [restartedMain] o.h.e.t.j.p.i.JtaPlatformInitiator       : HHH000490: Using JtaPlatform implementation: [org.hibernate.engine.transaction.jta.platform.internal.NoJtaPlatform]
2024-01-31T21:05:21.328+03:00  INFO 34716 --- [restartedMain] j.LocalContainerEntityManagerFactoryBean : Initialized JPA EntityManagerFactory for persistence unit 'default'
2024-01-31T21:05:21.556+03:00  INFO 34716 --- [restartedMain] o.s.d.j.r.query.QueryEnhancerFactory     : Hibernate is in classpath; If applicable, HQL parser will be used.
2024-01-31T21:05:21.798+03:00  WARN 34716 --- [restartedMain] JpaBaseConfiguration$JpaWebConfiguration : spring.jpa.open-in-view is enabled by default. Therefore, database queries may be performed during view rendering. Explicitly configure spring.jpa.open-in-view to disable this warning
2024-01-31T21:05:22.116+03:00  WARN 34716 --- [restartedMain] ConfigServletWebServerApplicationContext : Exception encountered during context initialization - cancelling refresh attempt: org.springframework.beans.factory.BeanCreationException: Error creating bean with name 'filterChain' defined in class path resource [tacos/security/SecurityConfig.class]: Failed to instantiate [org.springframework.security.web.SecurityFilterChain]: Factory method 'filterChain' threw exception with message: This method cannot decide whether these patterns are Spring MVC patterns or not. If this endpoint is a Spring MVC endpoint, please use requestMatchers(MvcRequestMatcher); otherwise, please use requestMatchers(AntPathRequestMatcher).

This is because there is more than one mappable servlet in your servlet context: {org.h2.server.web.JakartaWebServlet=[/h2-console/*], org.springframework.web.servlet.DispatcherServlet=[/]}.

For each MvcRequestMatcher, call MvcRequestMatcher#setServletPath to indicate the servlet path.
2024-01-31T21:05:22.117+03:00  INFO 34716 --- [restartedMain] j.LocalContainerEntityManagerFactoryBean : Closing JPA EntityManagerFactory for persistence unit 'default'
2024-01-31T21:05:22.119+03:00  INFO 34716 --- [restartedMain] com.zaxxer.hikari.HikariDataSource       : HikariPool-1 - Shutdown initiated...
2024-01-31T21:05:22.121+03:00  INFO 34716 --- [restartedMain] com.zaxxer.hikari.HikariDataSource       : HikariPool-1 - Shutdown completed.
2024-01-31T21:05:22.124+03:00  INFO 34716 --- [restartedMain] o.apache.catalina.core.StandardService   : Stopping service [Tomcat]
2024-01-31T21:05:22.133+03:00  INFO 34716 --- [restartedMain] .s.b.a.l.ConditionEvaluationReportLogger : 

Error starting ApplicationContext. To display the condition evaluation report re-run your application with 'debug' enabled.
2024-01-31T21:05:22.151+03:00 ERROR 34716 --- [restartedMain] o.s.boot.SpringApplication               : Application run failed

org.springframework.beans.factory.BeanCreationException: Error creating bean with name 'filterChain' defined in class path resource [tacos/security/SecurityConfig.class]: Failed to instantiate [org.springframework.security.web.SecurityFilterChain]: Factory method 'filterChain' threw exception with message: This method cannot decide whether these patterns are Spring MVC patterns or not. If this endpoint is a Spring MVC endpoint, please use requestMatchers(MvcRequestMatcher); otherwise, please use requestMatchers(AntPathRequestMatcher).

This is because there is more than one mappable servlet in your servlet context: {org.h2.server.web.JakartaWebServlet=[/h2-console/*], org.springframework.web.servlet.DispatcherServlet=[/]}.

For each MvcRequestMatcher, call MvcRequestMatcher#setServletPath to indicate the servlet path.
	at org.springframework.beans.factory.support.ConstructorResolver.instantiate(ConstructorResolver.java:659) ~[spring-beans-6.0.11.jar:6.0.11]
	at org.springframework.beans.factory.support.ConstructorResolver.instantiateUsingFactoryMethod(ConstructorResolver.java:647) ~[spring-beans-6.0.11.jar:6.0.11]
	at org.springframework.beans.factory.support.AbstractAutowireCapableBeanFactory.instantiateUsingFactoryMethod(AbstractAutowireCapableBeanFactory.java:1332) ~[spring-beans-6.0.11.jar:6.0.11]
	at org.springframework.beans.factory.support.AbstractAutowireCapableBeanFactory.createBeanInstance(AbstractAutowireCapableBeanFactory.java:1162) ~[spring-beans-6.0.11.jar:6.0.11]
	at org.springframework.beans.factory.support.AbstractAutowireCapableBeanFactory.doCreateBean(AbstractAutowireCapableBeanFactory.java:560) ~[spring-beans-6.0.11.jar:6.0.11]
	at org.springframework.beans.factory.support.AbstractAutowireCapableBeanFactory.createBean(AbstractAutowireCapableBeanFactory.java:520) ~[spring-beans-6.0.11.jar:6.0.11]
	at org.springframework.beans.factory.support.AbstractBeanFactory.lambda$doGetBean$0(AbstractBeanFactory.java:326) ~[spring-beans-6.0.11.jar:6.0.11]
	at org.springframework.beans.factory.support.DefaultSingletonBeanRegistry.getSingleton(DefaultSingletonBeanRegistry.java:234) ~[spring-beans-6.0.11.jar:6.0.11]
	at org.springframework.beans.factory.support.AbstractBeanFactory.doGetBean(AbstractBeanFactory.java:324) ~[spring-beans-6.0.11.jar:6.0.11]
	at org.springframework.beans.factory.support.AbstractBeanFactory.getBean(AbstractBeanFactory.java:200) ~[spring-beans-6.0.11.jar:6.0.11]
	at org.springframework.beans.factory.support.DefaultListableBeanFactory.preInstantiateSingletons(DefaultListableBeanFactory.java:973) ~[spring-beans-6.0.11.jar:6.0.11]
	at org.springframework.context.support.AbstractApplicationContext.finishBeanFactoryInitialization(AbstractApplicationContext.java:942) ~[spring-context-6.0.11.jar:6.0.11]
	at org.springframework.context.support.AbstractApplicationContext.refresh(AbstractApplicationContext.java:608) ~[spring-context-6.0.11.jar:6.0.11]
	at org.springframework.boot.web.servlet.context.ServletWebServerApplicationContext.refresh(ServletWebServerApplicationContext.java:146) ~[spring-boot-3.1.3.jar:3.1.3]
	at org.springframework.boot.SpringApplication.refresh(SpringApplication.java:734) ~[spring-boot-3.1.3.jar:3.1.3]
	at org.springframework.boot.SpringApplication.refreshContext(SpringApplication.java:436) ~[spring-boot-3.1.3.jar:3.1.3]
	at org.springframework.boot.SpringApplication.run(SpringApplication.java:312) ~[spring-boot-3.1.3.jar:3.1.3]
	at org.springframework.boot.SpringApplication.run(SpringApplication.java:1306) ~[spring-boot-3.1.3.jar:3.1.3]
	at org.springframework.boot.SpringApplication.run(SpringApplication.java:1295) ~[spring-boot-3.1.3.jar:3.1.3]
	at tacos.TacoCloudApplication.main(TacoCloudApplication.java:36) ~[classes/:na]
	at java.base/jdk.internal.reflect.NativeMethodAccessorImpl.invoke0(Native Method) ~[na:na]
	at java.base/jdk.internal.reflect.NativeMethodAccessorImpl.invoke(NativeMethodAccessorImpl.java:77) ~[na:na]
	at java.base/jdk.internal.reflect.DelegatingMethodAccessorImpl.invoke(DelegatingMethodAccessorImpl.java:43) ~[na:na]
	at java.base/java.lang.reflect.Method.invoke(Method.java:568) ~[na:na]
	at org.springframework.boot.devtools.restart.RestartLauncher.run(RestartLauncher.java:50) ~[spring-boot-devtools-3.1.3.jar:3.1.3]
Caused by: org.springframework.beans.BeanInstantiationException: Failed to instantiate [org.springframework.security.web.SecurityFilterChain]: Factory method 'filterChain' threw exception with message: This method cannot decide whether these patterns are Spring MVC patterns or not. If this endpoint is a Spring MVC endpoint, please use requestMatchers(MvcRequestMatcher); otherwise, please use requestMatchers(AntPathRequestMatcher).

This is because there is more than one mappable servlet in your servlet context: {org.h2.server.web.JakartaWebServlet=[/h2-console/*], org.springframework.web.servlet.DispatcherServlet=[/]}.

For each MvcRequestMatcher, call MvcRequestMatcher#setServletPath to indicate the servlet path.
	at org.springframework.beans.factory.support.SimpleInstantiationStrategy.instantiate(SimpleInstantiationStrategy.java:171) ~[spring-beans-6.0.11.jar:6.0.11]
	at org.springframework.beans.factory.support.ConstructorResolver.instantiate(ConstructorResolver.java:655) ~[spring-beans-6.0.11.jar:6.0.11]
	... 24 common frames omitted
Caused by: java.lang.IllegalArgumentException: This method cannot decide whether these patterns are Spring MVC patterns or not. If this endpoint is a Spring MVC endpoint, please use requestMatchers(MvcRequestMatcher); otherwise, please use requestMatchers(AntPathRequestMatcher).

This is because there is more than one mappable servlet in your servlet context: {org.h2.server.web.JakartaWebServlet=[/h2-console/*], org.springframework.web.servlet.DispatcherServlet=[/]}.

For each MvcRequestMatcher, call MvcRequestMatcher#setServletPath to indicate the servlet path.
	at org.springframework.security.config.annotation.web.AbstractRequestMatcherRegistry.requestMatchers(AbstractRequestMatcherRegistry.java:208) ~[spring-security-config-6.1.3.jar:6.1.3]
	at tacos.security.SecurityConfig.lambda$filterChain$0(SecurityConfig.java:37) ~[classes/:na]
	at org.springframework.security.config.annotation.web.builders.HttpSecurity.authorizeHttpRequests(HttpSecurity.java:1466) ~[spring-security-config-6.1.3.jar:6.1.3]
	at tacos.security.SecurityConfig.filterChain(SecurityConfig.java:29) ~[classes/:na]
	at tacos.security.SecurityConfig$$SpringCGLIB$$0.CGLIB$filterChain$2(<generated>) ~[classes/:na]
	at tacos.security.SecurityConfig$$SpringCGLIB$$2.invoke(<generated>) ~[classes/:na]
	at org.springframework.cglib.proxy.MethodProxy.invokeSuper(MethodProxy.java:258) ~[spring-core-6.0.11.jar:6.0.11]
	at org.springframework.context.annotation.ConfigurationClassEnhancer$BeanMethodInterceptor.intercept(ConfigurationClassEnhancer.java:331) ~[spring-context-6.0.11.jar:6.0.11]
	at tacos.security.SecurityConfig$$SpringCGLIB$$0.filterChain(<generated>) ~[classes/:na]
	at java.base/jdk.internal.reflect.NativeMethodAccessorImpl.invoke0(Native Method) ~[na:na]
	at java.base/jdk.internal.reflect.NativeMethodAccessorImpl.invoke(NativeMethodAccessorImpl.java:77) ~[na:na]
	at java.base/jdk.internal.reflect.DelegatingMethodAccessorImpl.invoke(DelegatingMethodAccessorImpl.java:43) ~[na:na]
	at java.base/java.lang.reflect.Method.invoke(Method.java:568) ~[na:na]
	at org.springframework.beans.factory.support.SimpleInstantiationStrategy.instantiate(SimpleInstantiationStrategy.java:139) ~[spring-beans-6.0.11.jar:6.0.11]
	... 25 common frames omitted

2024-01-31T21:07:17.110+03:00  INFO 4796 --- [restartedMain] tacos.TacoCloudApplication               : Starting TacoCloudApplication using Java 17.0.2 with PID 4796 (C:\Users\Сева Счетов\IdeaProjects\taco-cloud\taco-cloud\target\classes started by Сева Счетов in C:\Users\Сева Счетов\IdeaProjects\taco-cloud\taco-cloud)
2024-01-31T21:07:17.112+03:00  INFO 4796 --- [restartedMain] tacos.TacoCloudApplication               : No active profile set, falling back to 1 default profile: "default"
2024-01-31T21:07:17.142+03:00  INFO 4796 --- [restartedMain] .e.DevToolsPropertyDefaultsPostProcessor : Devtools property defaults active! Set 'spring.devtools.add-properties' to 'false' to disable
2024-01-31T21:07:17.142+03:00  INFO 4796 --- [restartedMain] .e.DevToolsPropertyDefaultsPostProcessor : For additional web related logging consider setting the 'logging.level.web' property to 'DEBUG'
2024-01-31T21:07:17.612+03:00  INFO 4796 --- [restartedMain] .s.d.r.c.RepositoryConfigurationDelegate : Multiple Spring Data modules found, entering strict repository configuration mode
2024-01-31T21:07:17.613+03:00  INFO 4796 --- [restartedMain] .s.d.r.c.RepositoryConfigurationDelegate : Bootstrapping Spring Data JDBC repositories in DEFAULT mode.
2024-01-31T21:07:17.631+03:00  INFO 4796 --- [restartedMain] .RepositoryConfigurationExtensionSupport : Spring Data JDBC - Could not safely identify store assignment for repository candidate interface tacos.data.IngredientRepository; If you want this repository to be a JDBC repository, consider annotating your entities with one of these annotations: org.springframework.data.relational.core.mapping.Table.
2024-01-31T21:07:17.632+03:00  INFO 4796 --- [restartedMain] .RepositoryConfigurationExtensionSupport : Spring Data JDBC - Could not safely identify store assignment for repository candidate interface tacos.data.OrderRepository; If you want this repository to be a JDBC repository, consider annotating your entities with one of these annotations: org.springframework.data.relational.core.mapping.Table.
2024-01-31T21:07:17.633+03:00  INFO 4796 --- [restartedMain] .RepositoryConfigurationExtensionSupport : Spring Data JDBC - Could not safely identify store assignment for repository candidate interface tacos.data.TacoRepository; If you want this repository to be a JDBC repository, consider annotating your entities with one of these annotations: org.springframework.data.relational.core.mapping.Table.
2024-01-31T21:07:17.634+03:00  INFO 4796 --- [restartedMain] .RepositoryConfigurationExtensionSupport : Spring Data JDBC - Could not safely identify store assignment for repository candidate interface tacos.data.UserRepository; If you want this repository to be a JDBC repository, consider annotating your entities with one of these annotations: org.springframework.data.relational.core.mapping.Table.
2024-01-31T21:07:17.635+03:00  INFO 4796 --- [restartedMain] .s.d.r.c.RepositoryConfigurationDelegate : Finished Spring Data repository scanning in 19 ms. Found 0 JDBC repository interfaces.
2024-01-31T21:07:17.641+03:00  INFO 4796 --- [restartedMain] .s.d.r.c.RepositoryConfigurationDelegate : Multiple Spring Data modules found, entering strict repository configuration mode
2024-01-31T21:07:17.642+03:00  INFO 4796 --- [restartedMain] .s.d.r.c.RepositoryConfigurationDelegate : Bootstrapping Spring Data JPA repositories in DEFAULT mode.
2024-01-31T21:07:17.663+03:00  INFO 4796 --- [restartedMain] .s.d.r.c.RepositoryConfigurationDelegate : Finished Spring Data repository scanning in 18 ms. Found 4 JPA repository interfaces.
2024-01-31T21:07:18.120+03:00  INFO 4796 --- [restartedMain] o.s.b.w.embedded.tomcat.TomcatWebServer  : Tomcat initialized with port(s): 8080 (http)
2024-01-31T21:07:18.127+03:00  INFO 4796 --- [restartedMain] o.apache.catalina.core.StandardService   : Starting service [Tomcat]
2024-01-31T21:07:18.127+03:00  INFO 4796 --- [restartedMain] o.apache.catalina.core.StandardEngine    : Starting Servlet engine: [Apache Tomcat/10.1.12]
2024-01-31T21:07:18.173+03:00  INFO 4796 --- [restartedMain] o.a.c.c.C.[Tomcat].[localhost].[/]       : Initializing Spring embedded WebApplicationContext
2024-01-31T21:07:18.174+03:00  INFO 4796 --- [restartedMain] w.s.c.ServletWebServerApplicationContext : Root WebApplicationContext: initialization completed in 1031 ms
2024-01-31T21:07:18.197+03:00  INFO 4796 --- [restartedMain] com.zaxxer.hikari.HikariDataSource       : HikariPool-1 - Starting...
2024-01-31T21:07:18.286+03:00  INFO 4796 --- [restartedMain] com.zaxxer.hikari.pool.HikariPool        : HikariPool-1 - Added connection com.mysql.cj.jdbc.ConnectionImpl@3ad08da1
2024-01-31T21:07:18.288+03:00  INFO 4796 --- [restartedMain] com.zaxxer.hikari.HikariDataSource       : HikariPool-1 - Start completed.
2024-01-31T21:07:18.294+03:00  INFO 4796 --- [restartedMain] o.s.b.a.h2.H2ConsoleAutoConfiguration    : H2 console available at '/h2-console'. Database available at 'jdbc:mysql://localhost:3306/tacocloud'
2024-01-31T21:07:18.414+03:00  INFO 4796 --- [restartedMain] o.hibernate.jpa.internal.util.LogHelper  : HHH000204: Processing PersistenceUnitInfo [name: default]
2024-01-31T21:07:18.455+03:00  INFO 4796 --- [restartedMain] org.hibernate.Version                    : HHH000412: Hibernate ORM core version 6.2.7.Final
2024-01-31T21:07:18.456+03:00  INFO 4796 --- [restartedMain] org.hibernate.cfg.Environment            : HHH000406: Using bytecode reflection optimizer
2024-01-31T21:07:18.559+03:00  INFO 4796 --- [restartedMain] o.h.b.i.BytecodeProviderInitiator        : HHH000021: Bytecode provider name : bytebuddy
2024-01-31T21:07:18.652+03:00  INFO 4796 --- [restartedMain] o.s.o.j.p.SpringPersistenceUnitInfo      : No LoadTimeWeaver setup: ignoring JPA class transformer
2024-01-31T21:07:18.691+03:00  WARN 4796 --- [restartedMain] org.hibernate.dialect.Dialect            : HHH000511: The 5.5.0 version for [org.hibernate.dialect.MySQLDialect] is no longer supported, hence certain features may not work properly. The minimum supported version is 5.7.0. Check the community dialects project for available legacy versions.
2024-01-31T21:07:18.851+03:00  INFO 4796 --- [restartedMain] o.h.b.i.BytecodeProviderInitiator        : HHH000021: Bytecode provider name : bytebuddy
2024-01-31T21:07:19.344+03:00  INFO 4796 --- [restartedMain] o.h.e.t.j.p.i.JtaPlatformInitiator       : HHH000490: Using JtaPlatform implementation: [org.hibernate.engine.transaction.jta.platform.internal.NoJtaPlatform]
2024-01-31T21:07:19.347+03:00  INFO 4796 --- [restartedMain] j.LocalContainerEntityManagerFactoryBean : Initialized JPA EntityManagerFactory for persistence unit 'default'
2024-01-31T21:07:19.576+03:00  INFO 4796 --- [restartedMain] o.s.d.j.r.query.QueryEnhancerFactory     : Hibernate is in classpath; If applicable, HQL parser will be used.
2024-01-31T21:07:19.819+03:00  WARN 4796 --- [restartedMain] JpaBaseConfiguration$JpaWebConfiguration : spring.jpa.open-in-view is enabled by default. Therefore, database queries may be performed during view rendering. Explicitly configure spring.jpa.open-in-view to disable this warning
2024-01-31T21:07:20.130+03:00  WARN 4796 --- [restartedMain] ConfigServletWebServerApplicationContext : Exception encountered during context initialization - cancelling refresh attempt: org.springframework.beans.factory.BeanCreationException: Error creating bean with name 'filterChain' defined in class path resource [tacos/security/SecurityConfig.class]: Failed to instantiate [org.springframework.security.web.SecurityFilterChain]: Factory method 'filterChain' threw exception with message: This method cannot decide whether these patterns are Spring MVC patterns or not. If this endpoint is a Spring MVC endpoint, please use requestMatchers(MvcRequestMatcher); otherwise, please use requestMatchers(AntPathRequestMatcher).

This is because there is more than one mappable servlet in your servlet context: {org.h2.server.web.JakartaWebServlet=[/h2-console/*], org.springframework.web.servlet.DispatcherServlet=[/]}.

For each MvcRequestMatcher, call MvcRequestMatcher#setServletPath to indicate the servlet path.
2024-01-31T21:07:20.131+03:00  INFO 4796 --- [restartedMain] j.LocalContainerEntityManagerFactoryBean : Closing JPA EntityManagerFactory for persistence unit 'default'
2024-01-31T21:07:20.133+03:00  INFO 4796 --- [restartedMain] com.zaxxer.hikari.HikariDataSource       : HikariPool-1 - Shutdown initiated...
2024-01-31T21:07:20.136+03:00  INFO 4796 --- [restartedMain] com.zaxxer.hikari.HikariDataSource       : HikariPool-1 - Shutdown completed.
2024-01-31T21:07:20.137+03:00  INFO 4796 --- [restartedMain] o.apache.catalina.core.StandardService   : Stopping service [Tomcat]
2024-01-31T21:07:20.146+03:00  INFO 4796 --- [restartedMain] .s.b.a.l.ConditionEvaluationReportLogger : 

Error starting ApplicationContext. To display the condition evaluation report re-run your application with 'debug' enabled.
2024-01-31T21:07:20.158+03:00 ERROR 4796 --- [restartedMain] o.s.boot.SpringApplication               : Application run failed

org.springframework.beans.factory.BeanCreationException: Error creating bean with name 'filterChain' defined in class path resource [tacos/security/SecurityConfig.class]: Failed to instantiate [org.springframework.security.web.SecurityFilterChain]: Factory method 'filterChain' threw exception with message: This method cannot decide whether these patterns are Spring MVC patterns or not. If this endpoint is a Spring MVC endpoint, please use requestMatchers(MvcRequestMatcher); otherwise, please use requestMatchers(AntPathRequestMatcher).

This is because there is more than one mappable servlet in your servlet context: {org.h2.server.web.JakartaWebServlet=[/h2-console/*], org.springframework.web.servlet.DispatcherServlet=[/]}.

For each MvcRequestMatcher, call MvcRequestMatcher#setServletPath to indicate the servlet path.
	at org.springframework.beans.factory.support.ConstructorResolver.instantiate(ConstructorResolver.java:659) ~[spring-beans-6.0.11.jar:6.0.11]
	at org.springframework.beans.factory.support.ConstructorResolver.instantiateUsingFactoryMethod(ConstructorResolver.java:647) ~[spring-beans-6.0.11.jar:6.0.11]
	at org.springframework.beans.factory.support.AbstractAutowireCapableBeanFactory.instantiateUsingFactoryMethod(AbstractAutowireCapableBeanFactory.java:1332) ~[spring-beans-6.0.11.jar:6.0.11]
	at org.springframework.beans.factory.support.AbstractAutowireCapableBeanFactory.createBeanInstance(AbstractAutowireCapableBeanFactory.java:1162) ~[spring-beans-6.0.11.jar:6.0.11]
	at org.springframework.beans.factory.support.AbstractAutowireCapableBeanFactory.doCreateBean(AbstractAutowireCapableBeanFactory.java:560) ~[spring-beans-6.0.11.jar:6.0.11]
	at org.springframework.beans.factory.support.AbstractAutowireCapableBeanFactory.createBean(AbstractAutowireCapableBeanFactory.java:520) ~[spring-beans-6.0.11.jar:6.0.11]
	at org.springframework.beans.factory.support.AbstractBeanFactory.lambda$doGetBean$0(AbstractBeanFactory.java:326) ~[spring-beans-6.0.11.jar:6.0.11]
	at org.springframework.beans.factory.support.DefaultSingletonBeanRegistry.getSingleton(DefaultSingletonBeanRegistry.java:234) ~[spring-beans-6.0.11.jar:6.0.11]
	at org.springframework.beans.factory.support.AbstractBeanFactory.doGetBean(AbstractBeanFactory.java:324) ~[spring-beans-6.0.11.jar:6.0.11]
	at org.springframework.beans.factory.support.AbstractBeanFactory.getBean(AbstractBeanFactory.java:200) ~[spring-beans-6.0.11.jar:6.0.11]
	at org.springframework.beans.factory.support.DefaultListableBeanFactory.preInstantiateSingletons(DefaultListableBeanFactory.java:973) ~[spring-beans-6.0.11.jar:6.0.11]
	at org.springframework.context.support.AbstractApplicationContext.finishBeanFactoryInitialization(AbstractApplicationContext.java:942) ~[spring-context-6.0.11.jar:6.0.11]
	at org.springframework.context.support.AbstractApplicationContext.refresh(AbstractApplicationContext.java:608) ~[spring-context-6.0.11.jar:6.0.11]
	at org.springframework.boot.web.servlet.context.ServletWebServerApplicationContext.refresh(ServletWebServerApplicationContext.java:146) ~[spring-boot-3.1.3.jar:3.1.3]
	at org.springframework.boot.SpringApplication.refresh(SpringApplication.java:734) ~[spring-boot-3.1.3.jar:3.1.3]
	at org.springframework.boot.SpringApplication.refreshContext(SpringApplication.java:436) ~[spring-boot-3.1.3.jar:3.1.3]
	at org.springframework.boot.SpringApplication.run(SpringApplication.java:312) ~[spring-boot-3.1.3.jar:3.1.3]
	at org.springframework.boot.SpringApplication.run(SpringApplication.java:1306) ~[spring-boot-3.1.3.jar:3.1.3]
	at org.springframework.boot.SpringApplication.run(SpringApplication.java:1295) ~[spring-boot-3.1.3.jar:3.1.3]
	at tacos.TacoCloudApplication.main(TacoCloudApplication.java:36) ~[classes/:na]
	at java.base/jdk.internal.reflect.NativeMethodAccessorImpl.invoke0(Native Method) ~[na:na]
	at java.base/jdk.internal.reflect.NativeMethodAccessorImpl.invoke(NativeMethodAccessorImpl.java:77) ~[na:na]
	at java.base/jdk.internal.reflect.DelegatingMethodAccessorImpl.invoke(DelegatingMethodAccessorImpl.java:43) ~[na:na]
	at java.base/java.lang.reflect.Method.invoke(Method.java:568) ~[na:na]
	at org.springframework.boot.devtools.restart.RestartLauncher.run(RestartLauncher.java:50) ~[spring-boot-devtools-3.1.3.jar:3.1.3]
Caused by: org.springframework.beans.BeanInstantiationException: Failed to instantiate [org.springframework.security.web.SecurityFilterChain]: Factory method 'filterChain' threw exception with message: This method cannot decide whether these patterns are Spring MVC patterns or not. If this endpoint is a Spring MVC endpoint, please use requestMatchers(MvcRequestMatcher); otherwise, please use requestMatchers(AntPathRequestMatcher).

This is because there is more than one mappable servlet in your servlet context: {org.h2.server.web.JakartaWebServlet=[/h2-console/*], org.springframework.web.servlet.DispatcherServlet=[/]}.

For each MvcRequestMatcher, call MvcRequestMatcher#setServletPath to indicate the servlet path.
	at org.springframework.beans.factory.support.SimpleInstantiationStrategy.instantiate(SimpleInstantiationStrategy.java:171) ~[spring-beans-6.0.11.jar:6.0.11]
	at org.springframework.beans.factory.support.ConstructorResolver.instantiate(ConstructorResolver.java:655) ~[spring-beans-6.0.11.jar:6.0.11]
	... 24 common frames omitted
Caused by: java.lang.IllegalArgumentException: This method cannot decide whether these patterns are Spring MVC patterns or not. If this endpoint is a Spring MVC endpoint, please use requestMatchers(MvcRequestMatcher); otherwise, please use requestMatchers(AntPathRequestMatcher).

This is because there is more than one mappable servlet in your servlet context: {org.h2.server.web.JakartaWebServlet=[/h2-console/*], org.springframework.web.servlet.DispatcherServlet=[/]}.

For each MvcRequestMatcher, call MvcRequestMatcher#setServletPath to indicate the servlet path.
	at org.springframework.security.config.annotation.web.AbstractRequestMatcherRegistry.requestMatchers(AbstractRequestMatcherRegistry.java:208) ~[spring-security-config-6.1.3.jar:6.1.3]
	at tacos.security.SecurityConfig.lambda$filterChain$0(SecurityConfig.java:37) ~[classes/:na]
	at org.springframework.security.config.annotation.web.builders.HttpSecurity.authorizeHttpRequests(HttpSecurity.java:1466) ~[spring-security-config-6.1.3.jar:6.1.3]
	at tacos.security.SecurityConfig.filterChain(SecurityConfig.java:29) ~[classes/:na]
	at tacos.security.SecurityConfig$$SpringCGLIB$$0.CGLIB$filterChain$2(<generated>) ~[classes/:na]
	at tacos.security.SecurityConfig$$SpringCGLIB$$2.invoke(<generated>) ~[classes/:na]
	at org.springframework.cglib.proxy.MethodProxy.invokeSuper(MethodProxy.java:258) ~[spring-core-6.0.11.jar:6.0.11]
	at org.springframework.context.annotation.ConfigurationClassEnhancer$BeanMethodInterceptor.intercept(ConfigurationClassEnhancer.java:331) ~[spring-context-6.0.11.jar:6.0.11]
	at tacos.security.SecurityConfig$$SpringCGLIB$$0.filterChain(<generated>) ~[classes/:na]
	at java.base/jdk.internal.reflect.NativeMethodAccessorImpl.invoke0(Native Method) ~[na:na]
	at java.base/jdk.internal.reflect.NativeMethodAccessorImpl.invoke(NativeMethodAccessorImpl.java:77) ~[na:na]
	at java.base/jdk.internal.reflect.DelegatingMethodAccessorImpl.invoke(DelegatingMethodAccessorImpl.java:43) ~[na:na]
	at java.base/java.lang.reflect.Method.invoke(Method.java:568) ~[na:na]
	at org.springframework.beans.factory.support.SimpleInstantiationStrategy.instantiate(SimpleInstantiationStrategy.java:139) ~[spring-beans-6.0.11.jar:6.0.11]
	... 25 common frames omitted

2024-01-31T21:37:57.764+03:00  INFO 17948 --- [restartedMain] tacos.TacoCloudApplication               : Starting TacoCloudApplication using Java 17.0.2 with PID 17948 (C:\Users\Сева Счетов\IdeaProjects\taco-cloud\taco-cloud\target\classes started by Сева Счетов in C:\Users\Сева Счетов\IdeaProjects\taco-cloud\taco-cloud)
2024-01-31T21:37:57.766+03:00  INFO 17948 --- [restartedMain] tacos.TacoCloudApplication               : No active profile set, falling back to 1 default profile: "default"
2024-01-31T21:37:57.817+03:00  INFO 17948 --- [restartedMain] .e.DevToolsPropertyDefaultsPostProcessor : Devtools property defaults active! Set 'spring.devtools.add-properties' to 'false' to disable
2024-01-31T21:37:57.817+03:00  INFO 17948 --- [restartedMain] .e.DevToolsPropertyDefaultsPostProcessor : For additional web related logging consider setting the 'logging.level.web' property to 'DEBUG'
2024-01-31T21:37:58.610+03:00  INFO 17948 --- [restartedMain] .s.d.r.c.RepositoryConfigurationDelegate : Multiple Spring Data modules found, entering strict repository configuration mode
2024-01-31T21:37:58.611+03:00  INFO 17948 --- [restartedMain] .s.d.r.c.RepositoryConfigurationDelegate : Bootstrapping Spring Data JDBC repositories in DEFAULT mode.
2024-01-31T21:37:58.643+03:00  INFO 17948 --- [restartedMain] .RepositoryConfigurationExtensionSupport : Spring Data JDBC - Could not safely identify store assignment for repository candidate interface tacos.data.IngredientRepository; If you want this repository to be a JDBC repository, consider annotating your entities with one of these annotations: org.springframework.data.relational.core.mapping.Table.
2024-01-31T21:37:58.644+03:00  INFO 17948 --- [restartedMain] .RepositoryConfigurationExtensionSupport : Spring Data JDBC - Could not safely identify store assignment for repository candidate interface tacos.data.OrderRepository; If you want this repository to be a JDBC repository, consider annotating your entities with one of these annotations: org.springframework.data.relational.core.mapping.Table.
2024-01-31T21:37:58.646+03:00  INFO 17948 --- [restartedMain] .RepositoryConfigurationExtensionSupport : Spring Data JDBC - Could not safely identify store assignment for repository candidate interface tacos.data.TacoRepository; If you want this repository to be a JDBC repository, consider annotating your entities with one of these annotations: org.springframework.data.relational.core.mapping.Table.
2024-01-31T21:37:58.648+03:00  INFO 17948 --- [restartedMain] .RepositoryConfigurationExtensionSupport : Spring Data JDBC - Could not safely identify store assignment for repository candidate interface tacos.data.UserRepository; If you want this repository to be a JDBC repository, consider annotating your entities with one of these annotations: org.springframework.data.relational.core.mapping.Table.
2024-01-31T21:37:58.648+03:00  INFO 17948 --- [restartedMain] .s.d.r.c.RepositoryConfigurationDelegate : Finished Spring Data repository scanning in 32 ms. Found 0 JDBC repository interfaces.
2024-01-31T21:37:58.659+03:00  INFO 17948 --- [restartedMain] .s.d.r.c.RepositoryConfigurationDelegate : Multiple Spring Data modules found, entering strict repository configuration mode
2024-01-31T21:37:58.659+03:00  INFO 17948 --- [restartedMain] .s.d.r.c.RepositoryConfigurationDelegate : Bootstrapping Spring Data JPA repositories in DEFAULT mode.
2024-01-31T21:37:58.693+03:00  INFO 17948 --- [restartedMain] .s.d.r.c.RepositoryConfigurationDelegate : Finished Spring Data repository scanning in 30 ms. Found 4 JPA repository interfaces.
2024-01-31T21:37:59.424+03:00  INFO 17948 --- [restartedMain] o.s.b.w.embedded.tomcat.TomcatWebServer  : Tomcat initialized with port(s): 8080 (http)
2024-01-31T21:37:59.433+03:00  INFO 17948 --- [restartedMain] o.apache.catalina.core.StandardService   : Starting service [Tomcat]
2024-01-31T21:37:59.434+03:00  INFO 17948 --- [restartedMain] o.apache.catalina.core.StandardEngine    : Starting Servlet engine: [Apache Tomcat/10.1.12]
2024-01-31T21:37:59.510+03:00  INFO 17948 --- [restartedMain] o.a.c.c.C.[Tomcat].[localhost].[/]       : Initializing Spring embedded WebApplicationContext
2024-01-31T21:37:59.510+03:00  INFO 17948 --- [restartedMain] w.s.c.ServletWebServerApplicationContext : Root WebApplicationContext: initialization completed in 1693 ms
2024-01-31T21:37:59.542+03:00  INFO 17948 --- [restartedMain] com.zaxxer.hikari.HikariDataSource       : HikariPool-1 - Starting...
2024-01-31T21:37:59.676+03:00  INFO 17948 --- [restartedMain] com.zaxxer.hikari.pool.HikariPool        : HikariPool-1 - Added connection com.mysql.cj.jdbc.ConnectionImpl@2ab33a47
2024-01-31T21:37:59.678+03:00  INFO 17948 --- [restartedMain] com.zaxxer.hikari.HikariDataSource       : HikariPool-1 - Start completed.
2024-01-31T21:37:59.688+03:00  INFO 17948 --- [restartedMain] o.s.b.a.h2.H2ConsoleAutoConfiguration    : H2 console available at '/h2-console'. Database available at 'jdbc:mysql://localhost:3306/tacocloud'
2024-01-31T21:37:59.865+03:00  INFO 17948 --- [restartedMain] o.hibernate.jpa.internal.util.LogHelper  : HHH000204: Processing PersistenceUnitInfo [name: default]
2024-01-31T21:37:59.933+03:00  INFO 17948 --- [restartedMain] org.hibernate.Version                    : HHH000412: Hibernate ORM core version 6.2.7.Final
2024-01-31T21:37:59.936+03:00  INFO 17948 --- [restartedMain] org.hibernate.cfg.Environment            : HHH000406: Using bytecode reflection optimizer
2024-01-31T21:38:00.089+03:00  INFO 17948 --- [restartedMain] o.h.b.i.BytecodeProviderInitiator        : HHH000021: Bytecode provider name : bytebuddy
2024-01-31T21:38:00.233+03:00  INFO 17948 --- [restartedMain] o.s.o.j.p.SpringPersistenceUnitInfo      : No LoadTimeWeaver setup: ignoring JPA class transformer
2024-01-31T21:38:00.292+03:00  WARN 17948 --- [restartedMain] org.hibernate.dialect.Dialect            : HHH000511: The 5.5.0 version for [org.hibernate.dialect.MySQLDialect] is no longer supported, hence certain features may not work properly. The minimum supported version is 5.7.0. Check the community dialects project for available legacy versions.
2024-01-31T21:38:00.579+03:00  INFO 17948 --- [restartedMain] o.h.b.i.BytecodeProviderInitiator        : HHH000021: Bytecode provider name : bytebuddy
2024-01-31T21:38:01.448+03:00  INFO 17948 --- [restartedMain] o.h.e.t.j.p.i.JtaPlatformInitiator       : HHH000490: Using JtaPlatform implementation: [org.hibernate.engine.transaction.jta.platform.internal.NoJtaPlatform]
2024-01-31T21:38:01.451+03:00  INFO 17948 --- [restartedMain] j.LocalContainerEntityManagerFactoryBean : Initialized JPA EntityManagerFactory for persistence unit 'default'
2024-01-31T21:38:01.860+03:00  INFO 17948 --- [restartedMain] o.s.d.j.r.query.QueryEnhancerFactory     : Hibernate is in classpath; If applicable, HQL parser will be used.
2024-01-31T21:38:02.302+03:00  WARN 17948 --- [restartedMain] JpaBaseConfiguration$JpaWebConfiguration : spring.jpa.open-in-view is enabled by default. Therefore, database queries may be performed during view rendering. Explicitly configure spring.jpa.open-in-view to disable this warning
2024-01-31T21:38:02.832+03:00  WARN 17948 --- [restartedMain] ConfigServletWebServerApplicationContext : Exception encountered during context initialization - cancelling refresh attempt: org.springframework.beans.factory.BeanCreationException: Error creating bean with name 'filterChain' defined in class path resource [tacos/security/SecurityConfig.class]: Failed to instantiate [org.springframework.security.web.SecurityFilterChain]: Factory method 'filterChain' threw exception with message: This method cannot decide whether these patterns are Spring MVC patterns or not. If this endpoint is a Spring MVC endpoint, please use requestMatchers(MvcRequestMatcher); otherwise, please use requestMatchers(AntPathRequestMatcher).

This is because there is more than one mappable servlet in your servlet context: {org.h2.server.web.JakartaWebServlet=[/h2-console/*], org.springframework.web.servlet.DispatcherServlet=[/]}.

For each MvcRequestMatcher, call MvcRequestMatcher#setServletPath to indicate the servlet path.
2024-01-31T21:38:02.833+03:00  INFO 17948 --- [restartedMain] j.LocalContainerEntityManagerFactoryBean : Closing JPA EntityManagerFactory for persistence unit 'default'
2024-01-31T21:38:02.835+03:00  INFO 17948 --- [restartedMain] com.zaxxer.hikari.HikariDataSource       : HikariPool-1 - Shutdown initiated...
2024-01-31T21:38:02.839+03:00  INFO 17948 --- [restartedMain] com.zaxxer.hikari.HikariDataSource       : HikariPool-1 - Shutdown completed.
2024-01-31T21:38:02.842+03:00  INFO 17948 --- [restartedMain] o.apache.catalina.core.StandardService   : Stopping service [Tomcat]
2024-01-31T21:38:02.855+03:00  INFO 17948 --- [restartedMain] .s.b.a.l.ConditionEvaluationReportLogger : 

Error starting ApplicationContext. To display the condition evaluation report re-run your application with 'debug' enabled.
2024-01-31T21:38:02.872+03:00 ERROR 17948 --- [restartedMain] o.s.boot.SpringApplication               : Application run failed

org.springframework.beans.factory.BeanCreationException: Error creating bean with name 'filterChain' defined in class path resource [tacos/security/SecurityConfig.class]: Failed to instantiate [org.springframework.security.web.SecurityFilterChain]: Factory method 'filterChain' threw exception with message: This method cannot decide whether these patterns are Spring MVC patterns or not. If this endpoint is a Spring MVC endpoint, please use requestMatchers(MvcRequestMatcher); otherwise, please use requestMatchers(AntPathRequestMatcher).

This is because there is more than one mappable servlet in your servlet context: {org.h2.server.web.JakartaWebServlet=[/h2-console/*], org.springframework.web.servlet.DispatcherServlet=[/]}.

For each MvcRequestMatcher, call MvcRequestMatcher#setServletPath to indicate the servlet path.
	at org.springframework.beans.factory.support.ConstructorResolver.instantiate(ConstructorResolver.java:659) ~[spring-beans-6.0.11.jar:6.0.11]
	at org.springframework.beans.factory.support.ConstructorResolver.instantiateUsingFactoryMethod(ConstructorResolver.java:647) ~[spring-beans-6.0.11.jar:6.0.11]
	at org.springframework.beans.factory.support.AbstractAutowireCapableBeanFactory.instantiateUsingFactoryMethod(AbstractAutowireCapableBeanFactory.java:1332) ~[spring-beans-6.0.11.jar:6.0.11]
	at org.springframework.beans.factory.support.AbstractAutowireCapableBeanFactory.createBeanInstance(AbstractAutowireCapableBeanFactory.java:1162) ~[spring-beans-6.0.11.jar:6.0.11]
	at org.springframework.beans.factory.support.AbstractAutowireCapableBeanFactory.doCreateBean(AbstractAutowireCapableBeanFactory.java:560) ~[spring-beans-6.0.11.jar:6.0.11]
	at org.springframework.beans.factory.support.AbstractAutowireCapableBeanFactory.createBean(AbstractAutowireCapableBeanFactory.java:520) ~[spring-beans-6.0.11.jar:6.0.11]
	at org.springframework.beans.factory.support.AbstractBeanFactory.lambda$doGetBean$0(AbstractBeanFactory.java:326) ~[spring-beans-6.0.11.jar:6.0.11]
	at org.springframework.beans.factory.support.DefaultSingletonBeanRegistry.getSingleton(DefaultSingletonBeanRegistry.java:234) ~[spring-beans-6.0.11.jar:6.0.11]
	at org.springframework.beans.factory.support.AbstractBeanFactory.doGetBean(AbstractBeanFactory.java:324) ~[spring-beans-6.0.11.jar:6.0.11]
	at org.springframework.beans.factory.support.AbstractBeanFactory.getBean(AbstractBeanFactory.java:200) ~[spring-beans-6.0.11.jar:6.0.11]
	at org.springframework.beans.factory.support.DefaultListableBeanFactory.preInstantiateSingletons(DefaultListableBeanFactory.java:973) ~[spring-beans-6.0.11.jar:6.0.11]
	at org.springframework.context.support.AbstractApplicationContext.finishBeanFactoryInitialization(AbstractApplicationContext.java:942) ~[spring-context-6.0.11.jar:6.0.11]
	at org.springframework.context.support.AbstractApplicationContext.refresh(AbstractApplicationContext.java:608) ~[spring-context-6.0.11.jar:6.0.11]
	at org.springframework.boot.web.servlet.context.ServletWebServerApplicationContext.refresh(ServletWebServerApplicationContext.java:146) ~[spring-boot-3.1.3.jar:3.1.3]
	at org.springframework.boot.SpringApplication.refresh(SpringApplication.java:734) ~[spring-boot-3.1.3.jar:3.1.3]
	at org.springframework.boot.SpringApplication.refreshContext(SpringApplication.java:436) ~[spring-boot-3.1.3.jar:3.1.3]
	at org.springframework.boot.SpringApplication.run(SpringApplication.java:312) ~[spring-boot-3.1.3.jar:3.1.3]
	at org.springframework.boot.SpringApplication.run(SpringApplication.java:1306) ~[spring-boot-3.1.3.jar:3.1.3]
	at org.springframework.boot.SpringApplication.run(SpringApplication.java:1295) ~[spring-boot-3.1.3.jar:3.1.3]
	at tacos.TacoCloudApplication.main(TacoCloudApplication.java:36) ~[classes/:na]
	at java.base/jdk.internal.reflect.NativeMethodAccessorImpl.invoke0(Native Method) ~[na:na]
	at java.base/jdk.internal.reflect.NativeMethodAccessorImpl.invoke(NativeMethodAccessorImpl.java:77) ~[na:na]
	at java.base/jdk.internal.reflect.DelegatingMethodAccessorImpl.invoke(DelegatingMethodAccessorImpl.java:43) ~[na:na]
	at java.base/java.lang.reflect.Method.invoke(Method.java:568) ~[na:na]
	at org.springframework.boot.devtools.restart.RestartLauncher.run(RestartLauncher.java:50) ~[spring-boot-devtools-3.1.3.jar:3.1.3]
Caused by: org.springframework.beans.BeanInstantiationException: Failed to instantiate [org.springframework.security.web.SecurityFilterChain]: Factory method 'filterChain' threw exception with message: This method cannot decide whether these patterns are Spring MVC patterns or not. If this endpoint is a Spring MVC endpoint, please use requestMatchers(MvcRequestMatcher); otherwise, please use requestMatchers(AntPathRequestMatcher).

This is because there is more than one mappable servlet in your servlet context: {org.h2.server.web.JakartaWebServlet=[/h2-console/*], org.springframework.web.servlet.DispatcherServlet=[/]}.

For each MvcRequestMatcher, call MvcRequestMatcher#setServletPath to indicate the servlet path.
	at org.springframework.beans.factory.support.SimpleInstantiationStrategy.instantiate(SimpleInstantiationStrategy.java:171) ~[spring-beans-6.0.11.jar:6.0.11]
	at org.springframework.beans.factory.support.ConstructorResolver.instantiate(ConstructorResolver.java:655) ~[spring-beans-6.0.11.jar:6.0.11]
	... 24 common frames omitted
Caused by: java.lang.IllegalArgumentException: This method cannot decide whether these patterns are Spring MVC patterns or not. If this endpoint is a Spring MVC endpoint, please use requestMatchers(MvcRequestMatcher); otherwise, please use requestMatchers(AntPathRequestMatcher).

This is because there is more than one mappable servlet in your servlet context: {org.h2.server.web.JakartaWebServlet=[/h2-console/*], org.springframework.web.servlet.DispatcherServlet=[/]}.

For each MvcRequestMatcher, call MvcRequestMatcher#setServletPath to indicate the servlet path.
	at org.springframework.security.config.annotation.web.AbstractRequestMatcherRegistry.requestMatchers(AbstractRequestMatcherRegistry.java:208) ~[spring-security-config-6.1.3.jar:6.1.3]
	at tacos.security.SecurityConfig.lambda$filterChain$0(SecurityConfig.java:37) ~[classes/:na]
	at org.springframework.security.config.annotation.web.builders.HttpSecurity.authorizeHttpRequests(HttpSecurity.java:1466) ~[spring-security-config-6.1.3.jar:6.1.3]
	at tacos.security.SecurityConfig.filterChain(SecurityConfig.java:29) ~[classes/:na]
	at tacos.security.SecurityConfig$$SpringCGLIB$$0.CGLIB$filterChain$2(<generated>) ~[classes/:na]
	at tacos.security.SecurityConfig$$SpringCGLIB$$2.invoke(<generated>) ~[classes/:na]
	at org.springframework.cglib.proxy.MethodProxy.invokeSuper(MethodProxy.java:258) ~[spring-core-6.0.11.jar:6.0.11]
	at org.springframework.context.annotation.ConfigurationClassEnhancer$BeanMethodInterceptor.intercept(ConfigurationClassEnhancer.java:331) ~[spring-context-6.0.11.jar:6.0.11]
	at tacos.security.SecurityConfig$$SpringCGLIB$$0.filterChain(<generated>) ~[classes/:na]
	at java.base/jdk.internal.reflect.NativeMethodAccessorImpl.invoke0(Native Method) ~[na:na]
	at java.base/jdk.internal.reflect.NativeMethodAccessorImpl.invoke(NativeMethodAccessorImpl.java:77) ~[na:na]
	at java.base/jdk.internal.reflect.DelegatingMethodAccessorImpl.invoke(DelegatingMethodAccessorImpl.java:43) ~[na:na]
	at java.base/java.lang.reflect.Method.invoke(Method.java:568) ~[na:na]
	at org.springframework.beans.factory.support.SimpleInstantiationStrategy.instantiate(SimpleInstantiationStrategy.java:139) ~[spring-beans-6.0.11.jar:6.0.11]
	... 25 common frames omitted

2024-01-31T21:42:33.313+03:00  INFO 19348 --- [restartedMain] tacos.TacoCloudApplication               : Starting TacoCloudApplication using Java 17.0.2 with PID 19348 (C:\Users\Сева Счетов\IdeaProjects\taco-cloud\taco-cloud\target\classes started by Сева Счетов in C:\Users\Сева Счетов\IdeaProjects\taco-cloud\taco-cloud)
2024-01-31T21:42:33.316+03:00  INFO 19348 --- [restartedMain] tacos.TacoCloudApplication               : No active profile set, falling back to 1 default profile: "default"
2024-01-31T21:42:33.372+03:00  INFO 19348 --- [restartedMain] .e.DevToolsPropertyDefaultsPostProcessor : Devtools property defaults active! Set 'spring.devtools.add-properties' to 'false' to disable
2024-01-31T21:42:33.372+03:00  INFO 19348 --- [restartedMain] .e.DevToolsPropertyDefaultsPostProcessor : For additional web related logging consider setting the 'logging.level.web' property to 'DEBUG'
2024-01-31T21:42:34.228+03:00  INFO 19348 --- [restartedMain] .s.d.r.c.RepositoryConfigurationDelegate : Multiple Spring Data modules found, entering strict repository configuration mode
2024-01-31T21:42:34.229+03:00  INFO 19348 --- [restartedMain] .s.d.r.c.RepositoryConfigurationDelegate : Bootstrapping Spring Data JDBC repositories in DEFAULT mode.
2024-01-31T21:42:34.262+03:00  INFO 19348 --- [restartedMain] .RepositoryConfigurationExtensionSupport : Spring Data JDBC - Could not safely identify store assignment for repository candidate interface tacos.data.IngredientRepository; If you want this repository to be a JDBC repository, consider annotating your entities with one of these annotations: org.springframework.data.relational.core.mapping.Table.
2024-01-31T21:42:34.265+03:00  INFO 19348 --- [restartedMain] .RepositoryConfigurationExtensionSupport : Spring Data JDBC - Could not safely identify store assignment for repository candidate interface tacos.data.OrderRepository; If you want this repository to be a JDBC repository, consider annotating your entities with one of these annotations: org.springframework.data.relational.core.mapping.Table.
2024-01-31T21:42:34.266+03:00  INFO 19348 --- [restartedMain] .RepositoryConfigurationExtensionSupport : Spring Data JDBC - Could not safely identify store assignment for repository candidate interface tacos.data.TacoRepository; If you want this repository to be a JDBC repository, consider annotating your entities with one of these annotations: org.springframework.data.relational.core.mapping.Table.
2024-01-31T21:42:34.268+03:00  INFO 19348 --- [restartedMain] .RepositoryConfigurationExtensionSupport : Spring Data JDBC - Could not safely identify store assignment for repository candidate interface tacos.data.UserRepository; If you want this repository to be a JDBC repository, consider annotating your entities with one of these annotations: org.springframework.data.relational.core.mapping.Table.
2024-01-31T21:42:34.269+03:00  INFO 19348 --- [restartedMain] .s.d.r.c.RepositoryConfigurationDelegate : Finished Spring Data repository scanning in 33 ms. Found 0 JDBC repository interfaces.
2024-01-31T21:42:34.279+03:00  INFO 19348 --- [restartedMain] .s.d.r.c.RepositoryConfigurationDelegate : Multiple Spring Data modules found, entering strict repository configuration mode
2024-01-31T21:42:34.281+03:00  INFO 19348 --- [restartedMain] .s.d.r.c.RepositoryConfigurationDelegate : Bootstrapping Spring Data JPA repositories in DEFAULT mode.
2024-01-31T21:42:34.318+03:00  INFO 19348 --- [restartedMain] .s.d.r.c.RepositoryConfigurationDelegate : Finished Spring Data repository scanning in 33 ms. Found 4 JPA repository interfaces.
2024-01-31T21:42:35.104+03:00  INFO 19348 --- [restartedMain] o.s.b.w.embedded.tomcat.TomcatWebServer  : Tomcat initialized with port(s): 8080 (http)
2024-01-31T21:42:35.115+03:00  INFO 19348 --- [restartedMain] o.apache.catalina.core.StandardService   : Starting service [Tomcat]
2024-01-31T21:42:35.115+03:00  INFO 19348 --- [restartedMain] o.apache.catalina.core.StandardEngine    : Starting Servlet engine: [Apache Tomcat/10.1.12]
2024-01-31T21:42:35.197+03:00  INFO 19348 --- [restartedMain] o.a.c.c.C.[Tomcat].[localhost].[/]       : Initializing Spring embedded WebApplicationContext
2024-01-31T21:42:35.198+03:00  INFO 19348 --- [restartedMain] w.s.c.ServletWebServerApplicationContext : Root WebApplicationContext: initialization completed in 1825 ms
2024-01-31T21:42:35.234+03:00  INFO 19348 --- [restartedMain] com.zaxxer.hikari.HikariDataSource       : HikariPool-1 - Starting...
2024-01-31T21:42:35.382+03:00  INFO 19348 --- [restartedMain] com.zaxxer.hikari.pool.HikariPool        : HikariPool-1 - Added connection com.mysql.cj.jdbc.ConnectionImpl@5200626b
2024-01-31T21:42:35.386+03:00  INFO 19348 --- [restartedMain] com.zaxxer.hikari.HikariDataSource       : HikariPool-1 - Start completed.
2024-01-31T21:42:35.394+03:00  INFO 19348 --- [restartedMain] o.s.b.a.h2.H2ConsoleAutoConfiguration    : H2 console available at '/h2-console'. Database available at 'jdbc:mysql://localhost:3306/tacocloud'
2024-01-31T21:42:35.572+03:00  INFO 19348 --- [restartedMain] o.hibernate.jpa.internal.util.LogHelper  : HHH000204: Processing PersistenceUnitInfo [name: default]
2024-01-31T21:42:35.641+03:00  INFO 19348 --- [restartedMain] org.hibernate.Version                    : HHH000412: Hibernate ORM core version 6.2.7.Final
2024-01-31T21:42:35.644+03:00  INFO 19348 --- [restartedMain] org.hibernate.cfg.Environment            : HHH000406: Using bytecode reflection optimizer
2024-01-31T21:42:35.801+03:00  INFO 19348 --- [restartedMain] o.h.b.i.BytecodeProviderInitiator        : HHH000021: Bytecode provider name : bytebuddy
2024-01-31T21:42:35.951+03:00  INFO 19348 --- [restartedMain] o.s.o.j.p.SpringPersistenceUnitInfo      : No LoadTimeWeaver setup: ignoring JPA class transformer
2024-01-31T21:42:36.015+03:00  WARN 19348 --- [restartedMain] org.hibernate.dialect.Dialect            : HHH000511: The 5.5.0 version for [org.hibernate.dialect.MySQLDialect] is no longer supported, hence certain features may not work properly. The minimum supported version is 5.7.0. Check the community dialects project for available legacy versions.
2024-01-31T21:42:36.298+03:00  INFO 19348 --- [restartedMain] o.h.b.i.BytecodeProviderInitiator        : HHH000021: Bytecode provider name : bytebuddy
2024-01-31T21:42:37.174+03:00  INFO 19348 --- [restartedMain] o.h.e.t.j.p.i.JtaPlatformInitiator       : HHH000490: Using JtaPlatform implementation: [org.hibernate.engine.transaction.jta.platform.internal.NoJtaPlatform]
2024-01-31T21:42:37.178+03:00  INFO 19348 --- [restartedMain] j.LocalContainerEntityManagerFactoryBean : Initialized JPA EntityManagerFactory for persistence unit 'default'
2024-01-31T21:42:37.596+03:00  INFO 19348 --- [restartedMain] o.s.d.j.r.query.QueryEnhancerFactory     : Hibernate is in classpath; If applicable, HQL parser will be used.
2024-01-31T21:42:38.021+03:00  WARN 19348 --- [restartedMain] JpaBaseConfiguration$JpaWebConfiguration : spring.jpa.open-in-view is enabled by default. Therefore, database queries may be performed during view rendering. Explicitly configure spring.jpa.open-in-view to disable this warning
2024-01-31T21:42:38.503+03:00  INFO 19348 --- [restartedMain] o.s.s.web.DefaultSecurityFilterChain     : Will secure any request with [org.springframework.security.web.session.DisableEncodeUrlFilter@7358836a, org.springframework.security.web.context.request.async.WebAsyncManagerIntegrationFilter@97cd12e, org.springframework.security.web.context.SecurityContextHolderFilter@6ada89df, org.springframework.security.web.header.HeaderWriterFilter@5718ffa0, org.springframework.security.web.csrf.CsrfFilter@156524eb, org.springframework.security.web.authentication.logout.LogoutFilter@1d7a2cce, org.springframework.security.web.authentication.UsernamePasswordAuthenticationFilter@138264af, org.springframework.security.web.savedrequest.RequestCacheAwareFilter@710c925, org.springframework.security.web.servletapi.SecurityContextHolderAwareRequestFilter@706442f, org.springframework.security.web.authentication.AnonymousAuthenticationFilter@17e7b9b2, org.springframework.security.web.access.ExceptionTranslationFilter@32a3fa92, org.springframework.security.web.access.intercept.AuthorizationFilter@3482e132]
2024-01-31T21:42:38.927+03:00  INFO 19348 --- [restartedMain] o.s.b.d.a.OptionalLiveReloadServer       : LiveReload server is running on port 35729
2024-01-31T21:42:38.964+03:00  INFO 19348 --- [restartedMain] o.s.b.w.embedded.tomcat.TomcatWebServer  : Tomcat started on port(s): 8080 (http) with context path ''
2024-01-31T21:42:38.975+03:00  INFO 19348 --- [restartedMain] tacos.TacoCloudApplication               : Started TacoCloudApplication in 6.165 seconds (process running for 6.996)
2024-01-31T21:42:50.998+03:00  INFO 19348 --- [http-nio-8080-exec-2] o.a.c.c.C.[Tomcat].[localhost].[/]       : Initializing Spring DispatcherServlet 'dispatcherServlet'
2024-01-31T21:42:50.998+03:00  INFO 19348 --- [http-nio-8080-exec-2] o.s.web.servlet.DispatcherServlet        : Initializing Servlet 'dispatcherServlet'
2024-01-31T21:42:51.000+03:00  INFO 19348 --- [http-nio-8080-exec-2] o.s.web.servlet.DispatcherServlet        : Completed initialization in 1 ms
2024-01-31T21:42:51.010+03:00 DEBUG 19348 --- [http-nio-8080-exec-2] o.s.security.web.FilterChainProxy        : Securing GET /api/ingredients
2024-01-31T21:42:51.046+03:00 DEBUG 19348 --- [http-nio-8080-exec-2] o.s.s.w.a.AnonymousAuthenticationFilter  : Set SecurityContextHolder to anonymous SecurityContext
2024-01-31T21:42:51.093+03:00 DEBUG 19348 --- [http-nio-8080-exec-2] o.s.s.w.s.HttpSessionRequestCache        : Saved request http://localhost:8080/api/ingredients?continue to session
2024-01-31T21:42:51.093+03:00 DEBUG 19348 --- [http-nio-8080-exec-2] o.s.s.web.DefaultRedirectStrategy        : Redirecting to http://localhost:8080/login
2024-01-31T21:42:51.117+03:00 DEBUG 19348 --- [http-nio-8080-exec-3] o.s.security.web.FilterChainProxy        : Securing GET /login
2024-01-31T21:42:51.125+03:00 DEBUG 19348 --- [http-nio-8080-exec-3] o.s.security.web.FilterChainProxy        : Secured GET /login
2024-01-31T21:42:51.491+03:00 DEBUG 19348 --- [http-nio-8080-exec-3] o.s.s.w.a.AnonymousAuthenticationFilter  : Set SecurityContextHolder to anonymous SecurityContext
2024-01-31T21:43:33.164+03:00  INFO 19348 --- [SpringApplicationShutdownHook] j.LocalContainerEntityManagerFactoryBean : Closing JPA EntityManagerFactory for persistence unit 'default'
2024-01-31T21:43:33.169+03:00  INFO 19348 --- [SpringApplicationShutdownHook] com.zaxxer.hikari.HikariDataSource       : HikariPool-1 - Shutdown initiated...
2024-01-31T21:43:33.174+03:00  INFO 19348 --- [SpringApplicationShutdownHook] com.zaxxer.hikari.HikariDataSource       : HikariPool-1 - Shutdown completed.
